#
# A fatal error has been detected by the Java Runtime Environment:
#
#  SIGBUS (0xa) at pc=0x00007fff5cafb6a9, pid=47842, tid=0x0000000000006803
#
# JRE version: Java(TM) SE Runtime Environment (8.0_111-b14) (build 1.8.0_111-b14)
# Java VM: Java HotSpot(TM) 64-Bit Server VM (25.111-b14 mixed mode bsd-amd64 compressed oops)
# Problematic frame:
# C  [libsystem_platform.dylib+0x46a9]  _platform_memmove$VARIANT$Nehalem+0xc9
#
# Failed to write core dump. Core dumps have been disabled. To enable core dumping, try "ulimit -c unlimited" before starting Java again
#
# If you would like to submit a bug report, please visit:
#   http://bugreport.java.com/bugreport/crash.jsp
# The crash happened outside the Java Virtual Machine in native code.
# See problematic frame for where to report the bug.
#

---------------  T H R E A D  ---------------

Current thread (0x00007fc29f0e0000):  JavaThread "client" [_thread_in_native, id=26627, stack(0x00007000079ba000,0x0000700007aba000)]

siginfo: si_signo: 10 (SIGBUS), si_code: 2 (BUS_ADRERR), si_addr: 0x0000000117bed000

Registers:
RAX=0x00007fc2cfe3c200, RBX=0x0000000117be9f1a, RCX=0x0000000000000010, RDX=0x0000000000003ba0
RSP=0x0000700007ab6920, RBP=0x0000700007ab6920, RSI=0x0000000117becfd8, RDI=0x00007fc2cfe3f290
R8 =0x0000000000000000, R9 =0x0000000000008009, R10=0x0000000000000000, R11=0x00007fc1b82522b8
R12=0x00000000746b2f73, R13=0x000000006e6f6974, R14=0x000000006d6f632f, R15=0x0000000000007465
RIP=0x00007fff5cafb6a9, EFLAGS=0x0000000000010206, ERR=0x0000000000000004
  TRAPNO=0x000000000000000e

Top of Stack: (sp=0x0000700007ab6920)
0x0000700007ab6920:   0000700007ab6990 000000010f7f4006
0x0000700007ab6930:   000000651757c628 0000000000000074
0x0000700007ab6940:   0000000000006f69 00007fc2cfe3c200
0x0000700007ab6950:   0000000000006c70 00007fc2cf0072f0
0x0000700007ab6960:   00007fc2cf07e240 00007fc2cf0072f0
0x0000700007ab6970:   00007fc2cf827e00 0000000000000350
0x0000700007ab6980:   00000000789c19f6 00007fc2bd4e1b60
0x0000700007ab6990:   0000700007ab69f0 000000010f7f452d
0x0000700007ab69a0:   0000700007ab6a49 0000700007ab6a48
0x0000700007ab69b0:   0000003900000000 0000003a010e0000
0x0000700007ab69c0:   0000700007ab6a0e 0000700007ab6e58
0x0000700007ab69d0:   000000000000003a 0000700007ab6a0e
0x0000700007ab69e0:   00007fc2cf0072f0 00007fc29f0e01f8
0x0000700007ab69f0:   0000700007ab6e40 000000010f7f3238
0x0000700007ab6a00:   0000700007ab6a10 726f700000000001
0x0000700007ab6a10:   73636176616a2f67 6c746f4b2f746b2f
0x0000700007ab6a20:   6f44747865546e69 6553746e656d7563
0x0000700007ab6a30:   6564246563697672 6e6f6974696e6966
0x0000700007ab6a40:   7373616c632e3124 313a226570790000
0x0000700007ab6a50:   67617373656d222c 65696c63223a2265
0x0000700007ab6a60:   6e4920202020746e 65206c616e726574
0x0000700007ab6a70:   616a203a2e098180 2e676e616c2e6176
0x0000700007ab6a80:   2e7463656c666572 697461636f766e49
0x0000700007ab6a90:   7465677261546e6f 6f69747065637845
0x0000700007ab6aa0:   000000017d7d226e 00007fc22da62068
0x0000700007ab6ab0:   000000011737e028 00007fc22da77578
0x0000700007ab6ac0:   000000011737e028 000000011737d000
0x0000700007ab6ad0:   0000700007ab6b20 00007fff5c99712e
0x0000700007ab6ae0:   0000700007ab6c30 000000000000001c
0x0000700007ab6af0:   0000000000000000 0000000000000000
0x0000700007ab6b00:   ffffffffffffffff 0000000112614ed2
0x0000700007ab6b10:   0000000000000042 0000000112614ed2 

Instructions: (pc=0x00007fff5cafb6a9)
0x00007fff5cafb689:   0f 00 00 00 74 31 0f 29 0f 0f 29 57 10 0f 29 5f
0x00007fff5cafb699:   20 0f 29 67 30 48 83 c7 40 0f 10 0e 0f 10 56 10
0x00007fff5cafb6a9:   0f 10 5e 20 0f 10 66 30 48 83 c6 40 48 83 ea 40
0x00007fff5cafb6b9:   77 d4 eb 33 0f 1f 00 0f 29 0f 0f 29 57 10 0f 29 

Register to memory mapping:

RAX=0x00007fc2cfe3c200 is an unknown value
RBX=0x0000000117be9f1a is an unknown value
RCX=0x0000000000000010 is an unknown value
RDX=0x0000000000003ba0 is an unknown value
RSP=0x0000700007ab6920 is pointing into the stack for thread: 0x00007fc29f0e0000
RBP=0x0000700007ab6920 is pointing into the stack for thread: 0x00007fc29f0e0000
RSI=0x0000000117becfd8 is an unknown value
RDI=0x00007fc2cfe3f290 is an unknown value
R8 =0x0000000000000000 is an unknown value
R9 =0x0000000000008009 is an unknown value
R10=0x0000000000000000 is an unknown value
R11=0x00007fc1b82522b8 is an unknown value
R12=0x00000000746b2f73 is an unknown value
R13=0x000000006e6f6974 is an unknown value
R14=0x000000006d6f632f is an unknown value
R15=0x0000000000007465 is an unknown value


Stack: [0x00007000079ba000,0x0000700007aba000],  sp=0x0000700007ab6920,  free space=1010k
Native frames: (J=compiled Java code, j=interpreted, Vv=VM code, C=native code)
C  [libsystem_platform.dylib+0x46a9]  _platform_memmove$VARIANT$Nehalem+0xc9
C  [libzip.dylib+0x3006]  newEntry+0x2c8
C  [libzip.dylib+0x352d]  ZIP_GetEntry2+0xd4
C  [libzip.dylib+0x2238]  Java_java_util_zip_ZipFile_getEntry+0xcf
J 250  java.util.zip.ZipFile.getEntry(J[BZ)J (0 bytes) @ 0x000000011987e8e6 [0x000000011987e800+0xe6]
J 962 C2 java.util.zip.ZipFile.getEntry(Ljava/lang/String;)Ljava/util/zip/ZipEntry; (86 bytes) @ 0x0000000119a65bb4 [0x0000000119a65820+0x394]
J 11823 C2 java.net.URLClassLoader$1.run()Ljava/lang/Object; (5 bytes) @ 0x000000011be89c44 [0x000000011be893c0+0x884]
v  ~StubRoutines::call_stub
V  [libjvm.dylib+0x2ecf8a]
V  [libjvm.dylib+0x34d6c8]
J 544  java.security.AccessController.doPrivileged(Ljava/security/PrivilegedExceptionAction;Ljava/security/AccessControlContext;)Ljava/lang/Object; (0 bytes) @ 0x000000011991deed [0x000000011991de00+0xed]
J 2203 C2 java.lang.ClassLoader.loadClass(Ljava/lang/String;Z)Ljava/lang/Class; (122 bytes) @ 0x0000000119ed7664 [0x0000000119ed6a80+0xbe4]
J 4388 C2 java.lang.ClassLoader.loadClass(Ljava/lang/String;)Ljava/lang/Class; (7 bytes) @ 0x000000011990902c [0x0000000119908e40+0x1ec]
v  ~StubRoutines::call_stub
V  [libjvm.dylib+0x2ecf8a]
V  [libjvm.dylib+0x2ed718]
V  [libjvm.dylib+0x2ed870]
V  [libjvm.dylib+0x53b4f4]
V  [libjvm.dylib+0x53ac8d]
V  [libjvm.dylib+0x53b710]
V  [libjvm.dylib+0x53bdc3]
V  [libjvm.dylib+0x1e2476]
V  [libjvm.dylib+0x1f2886]
V  [libjvm.dylib+0x2e89ab]
j  org.javacs.kt.KotlinTextDocumentService.definition(Lorg/eclipse/lsp4j/TextDocumentPositionParams;)Ljava/util/concurrent/CompletableFuture;+10
v  ~StubRoutines::call_stub
V  [libjvm.dylib+0x2ecf8a]
V  [libjvm.dylib+0x4d1bb4]
V  [libjvm.dylib+0x4d20e8]
V  [libjvm.dylib+0x345394]
J 2907  sun.reflect.NativeMethodAccessorImpl.invoke0(Ljava/lang/reflect/Method;Ljava/lang/Object;[Ljava/lang/Object;)Ljava/lang/Object; (0 bytes) @ 0x000000011a0b9a05 [0x000000011a0b9900+0x105]
J 2906 C1 sun.reflect.NativeMethodAccessorImpl.invoke(Ljava/lang/Object;[Ljava/lang/Object;)Ljava/lang/Object; (104 bytes) @ 0x000000011a0bec6c [0x000000011a0bd880+0x13ec]
J 7068 C2 java.lang.reflect.Method.invoke(Ljava/lang/Object;[Ljava/lang/Object;)Ljava/lang/Object; (62 bytes) @ 0x000000011ac8925c [0x000000011ac891c0+0x9c]
j  org.eclipse.lsp4j.jsonrpc.services.GenericEndpoint.lambda$null$0(Lorg/eclipse/lsp4j/jsonrpc/services/AnnotationUtil$MethodInfo;Ljava/lang/Object;Ljava/lang/Object;)Ljava/util/concurrent/CompletableFuture;+20
j  org.eclipse.lsp4j.jsonrpc.services.GenericEndpoint$$Lambda$86.apply(Ljava/lang/Object;)Ljava/lang/Object;+13
j  org.eclipse.lsp4j.jsonrpc.services.GenericEndpoint.request(Ljava/lang/String;Ljava/lang/Object;)Ljava/util/concurrent/CompletableFuture;+18
j  org.eclipse.lsp4j.jsonrpc.RemoteEndpoint.handleRequest(Lorg/eclipse/lsp4j/jsonrpc/messages/RequestMessage;)V+12
j  org.eclipse.lsp4j.jsonrpc.RemoteEndpoint.consume(Lorg/eclipse/lsp4j/jsonrpc/messages/Message;)V+34
j  org.eclipse.lsp4j.jsonrpc.json.StreamMessageProducer.handleMessage(Ljava/io/InputStream;Lorg/eclipse/lsp4j/jsonrpc/json/StreamMessageProducer$Headers;)Z+99
j  org.eclipse.lsp4j.jsonrpc.json.StreamMessageProducer.listen(Lorg/eclipse/lsp4j/jsonrpc/MessageConsumer;)V+158
j  org.eclipse.lsp4j.jsonrpc.json.ConcurrentMessageProcessor.run()V+12
j  java.util.concurrent.Executors$RunnableAdapter.call()Ljava/lang/Object;+4
j  java.util.concurrent.FutureTask.run()V+42
j  java.util.concurrent.ThreadPoolExecutor.runWorker(Ljava/util/concurrent/ThreadPoolExecutor$Worker;)V+95
j  java.util.concurrent.ThreadPoolExecutor$Worker.run()V+5
j  java.lang.Thread.run()V+11
v  ~StubRoutines::call_stub
V  [libjvm.dylib+0x2ecf8a]
V  [libjvm.dylib+0x2ed718]
V  [libjvm.dylib+0x2ed8c4]
V  [libjvm.dylib+0x348039]
V  [libjvm.dylib+0x56a27b]
V  [libjvm.dylib+0x56b968]
V  [libjvm.dylib+0x489b0a]
C  [libsystem_pthread.dylib+0x32eb]  _pthread_body+0x7e
C  [libsystem_pthread.dylib+0x6249]  _pthread_start+0x42
C  [libsystem_pthread.dylib+0x240d]  thread_start+0xd
C  0x0000000000000000

Java frames: (J=compiled Java code, j=interpreted, Vv=VM code)
J 250  java.util.zip.ZipFile.getEntry(J[BZ)J (0 bytes) @ 0x000000011987e870 [0x000000011987e800+0x70]
J 962 C2 java.util.zip.ZipFile.getEntry(Ljava/lang/String;)Ljava/util/zip/ZipEntry; (86 bytes) @ 0x0000000119a65bb4 [0x0000000119a65820+0x394]
J 11823 C2 java.net.URLClassLoader$1.run()Ljava/lang/Object; (5 bytes) @ 0x000000011be89c44 [0x000000011be893c0+0x884]
v  ~StubRoutines::call_stub
J 544  java.security.AccessController.doPrivileged(Ljava/security/PrivilegedExceptionAction;Ljava/security/AccessControlContext;)Ljava/lang/Object; (0 bytes) @ 0x000000011991de7b [0x000000011991de00+0x7b]
J 2203 C2 java.lang.ClassLoader.loadClass(Ljava/lang/String;Z)Ljava/lang/Class; (122 bytes) @ 0x0000000119ed7664 [0x0000000119ed6a80+0xbe4]
J 4388 C2 java.lang.ClassLoader.loadClass(Ljava/lang/String;)Ljava/lang/Class; (7 bytes) @ 0x000000011990902c [0x0000000119908e40+0x1ec]
v  ~StubRoutines::call_stub
j  org.javacs.kt.KotlinTextDocumentService.definition(Lorg/eclipse/lsp4j/TextDocumentPositionParams;)Ljava/util/concurrent/CompletableFuture;+10
v  ~StubRoutines::call_stub
J 2907  sun.reflect.NativeMethodAccessorImpl.invoke0(Ljava/lang/reflect/Method;Ljava/lang/Object;[Ljava/lang/Object;)Ljava/lang/Object; (0 bytes) @ 0x000000011a0b998f [0x000000011a0b9900+0x8f]
J 2906 C1 sun.reflect.NativeMethodAccessorImpl.invoke(Ljava/lang/Object;[Ljava/lang/Object;)Ljava/lang/Object; (104 bytes) @ 0x000000011a0bec6c [0x000000011a0bd880+0x13ec]
J 7068 C2 java.lang.reflect.Method.invoke(Ljava/lang/Object;[Ljava/lang/Object;)Ljava/lang/Object; (62 bytes) @ 0x000000011ac8925c [0x000000011ac891c0+0x9c]
j  org.eclipse.lsp4j.jsonrpc.services.GenericEndpoint.lambda$null$0(Lorg/eclipse/lsp4j/jsonrpc/services/AnnotationUtil$MethodInfo;Ljava/lang/Object;Ljava/lang/Object;)Ljava/util/concurrent/CompletableFuture;+20
j  org.eclipse.lsp4j.jsonrpc.services.GenericEndpoint$$Lambda$86.apply(Ljava/lang/Object;)Ljava/lang/Object;+13
j  org.eclipse.lsp4j.jsonrpc.services.GenericEndpoint.request(Ljava/lang/String;Ljava/lang/Object;)Ljava/util/concurrent/CompletableFuture;+18
j  org.eclipse.lsp4j.jsonrpc.RemoteEndpoint.handleRequest(Lorg/eclipse/lsp4j/jsonrpc/messages/RequestMessage;)V+12
j  org.eclipse.lsp4j.jsonrpc.RemoteEndpoint.consume(Lorg/eclipse/lsp4j/jsonrpc/messages/Message;)V+34
j  org.eclipse.lsp4j.jsonrpc.json.StreamMessageProducer.handleMessage(Ljava/io/InputStream;Lorg/eclipse/lsp4j/jsonrpc/json/StreamMessageProducer$Headers;)Z+99
j  org.eclipse.lsp4j.jsonrpc.json.StreamMessageProducer.listen(Lorg/eclipse/lsp4j/jsonrpc/MessageConsumer;)V+158
j  org.eclipse.lsp4j.jsonrpc.json.ConcurrentMessageProcessor.run()V+12
j  java.util.concurrent.Executors$RunnableAdapter.call()Ljava/lang/Object;+4
j  java.util.concurrent.FutureTask.run()V+42
j  java.util.concurrent.ThreadPoolExecutor.runWorker(Ljava/util/concurrent/ThreadPoolExecutor$Worker;)V+95
j  java.util.concurrent.ThreadPoolExecutor$Worker.run()V+5
j  java.lang.Thread.run()V+11
v  ~StubRoutines::call_stub

---------------  P R O C E S S  ---------------

Java Threads: ( => current thread )
  0x00007fc2bdb53800 JavaThread "async0" [_thread_blocked, id=26887, stack(0x0000700007beb000,0x0000700007ceb000)]
  0x00007fc2bdb2c800 JavaThread "debounce0" [_thread_blocked, id=39939, stack(0x0000700007ae8000,0x0000700007be8000)]
  0x00007fc29f155000 JavaThread "DestroyJavaVM" [_thread_blocked, id=9987, stack(0x0000700005754000,0x0000700005854000)]
=>0x00007fc29f0e0000 JavaThread "client" [_thread_in_native, id=26627, stack(0x00007000079ba000,0x0000700007aba000)]
  0x00007fc2cd851800 JavaThread "Service Thread" daemon [_thread_blocked, id=26371, stack(0x00007000077b4000,0x00007000078b4000)]
  0x00007fc2bd806800 JavaThread "C1 CompilerThread11" daemon [_thread_blocked, id=26115, stack(0x00007000076b1000,0x00007000077b1000)]
  0x00007fc2bd805800 JavaThread "C1 CompilerThread10" daemon [_thread_blocked, id=41987, stack(0x00007000075ae000,0x00007000076ae000)]
  0x00007fc2cd846800 JavaThread "C1 CompilerThread9" daemon [_thread_blocked, id=25859, stack(0x00007000074ab000,0x00007000075ab000)]
  0x00007fc2ce077000 JavaThread "C1 CompilerThread8" daemon [_thread_blocked, id=25347, stack(0x00007000073a8000,0x00007000074a8000)]
  0x00007fc2ce076000 JavaThread "C2 CompilerThread7" daemon [_thread_blocked, id=24835, stack(0x00007000072a5000,0x00007000073a5000)]
  0x00007fc2cd820800 JavaThread "C2 CompilerThread6" daemon [_thread_blocked, id=24323, stack(0x00007000071a2000,0x00007000072a2000)]
  0x00007fc2ce06d800 JavaThread "C2 CompilerThread5" daemon [_thread_blocked, id=23811, stack(0x000070000709f000,0x000070000719f000)]
  0x00007fc2cd81f800 JavaThread "C2 CompilerThread4" daemon [_thread_blocked, id=23299, stack(0x0000700006f9c000,0x000070000709c000)]
  0x00007fc2cd81c000 JavaThread "C2 CompilerThread3" daemon [_thread_blocked, id=23043, stack(0x0000700006e99000,0x0000700006f99000)]
  0x00007fc2ce05c800 JavaThread "C2 CompilerThread2" daemon [_thread_blocked, id=22531, stack(0x0000700006d96000,0x0000700006e96000)]
  0x00007fc2ce05c000 JavaThread "C2 CompilerThread1" daemon [_thread_blocked, id=42755, stack(0x0000700006c93000,0x0000700006d93000)]
  0x00007fc2ce05a800 JavaThread "C2 CompilerThread0" daemon [_thread_blocked, id=43011, stack(0x0000700006b90000,0x0000700006c90000)]
  0x00007fc2ce056800 JavaThread "Signal Dispatcher" daemon [_thread_blocked, id=21763, stack(0x0000700006a8d000,0x0000700006b8d000)]
  0x00007fc2ce055000 JavaThread "Finalizer" daemon [_thread_blocked, id=13059, stack(0x000070000698a000,0x0000700006a8a000)]
  0x00007fc2ce052800 JavaThread "Reference Handler" daemon [_thread_blocked, id=12803, stack(0x0000700006887000,0x0000700006987000)]

Other Threads:
  0x00007fc2ce04e000 VMThread [stack: 0x0000700006784000,0x0000700006884000] [id=16387]
  0x00007fc2ce877000 WatcherThread [stack: 0x00007000078b7000,0x00007000079b7000] [id=40963]

VM state:not at safepoint (normal execution)

VM Mutex/Monitor currently owned by a thread: None

Heap:
 PSYoungGen      total 638464K, used 513582K [0x0000000628700000, 0x0000000654400000, 0x00000008a8600000)
  eden space 603136K, 79% used [0x0000000628700000,0x0000000645a28318,0x000000064d400000)
  from space 35328K, 99% used [0x0000000652180000,0x00000006543e37e0,0x0000000654400000)
  to   space 56320K, 0% used [0x000000064d600000,0x000000064d600000,0x0000000650d00000)
 ParOldGen       total 2311168K, used 74005K [0x0000000128800000, 0x00000001b5900000, 0x0000000628700000)
  object space 2311168K, 3% used [0x0000000128800000,0x000000012d045738,0x00000001b5900000)
 Metaspace       used 59807K, capacity 61416K, committed 61696K, reserved 1103872K
  class space    used 6938K, capacity 7309K, committed 7424K, reserved 1048576K

Card table byte_map: [0x00000001133a1000,0x0000000116fa1000] byte_map_base: 0x0000000112a5d000

Marking Bits: (ParMarkBitMap*) 0x00000001128efd20
 Begin Bits: [0x00000008aae00000, 0x00000008c8df8000)
 End Bits:   [0x00000008c8df8000, 0x00000008e6df0000)

Polling page: 0x000000010f7e7000

CodeCache: size=245760Kb used=58797Kb max_used=58797Kb free=186963Kb
 bounds [0x0000000119543000, 0x000000011cf03000, 0x0000000128543000]
 total_blobs=14036 nmethods=13551 adapters=391
 compilation: enabled

Compilation events (10 events):
Event: 3525.373 Thread 0x00007fc2ce077000 16555   !   3       java.util.Formatter$FormatSpecifier::width (59 bytes)
Event: 3525.373 Thread 0x00007fc2bd805800 16556   !   3       java.util.Formatter$FormatSpecifier::precision (63 bytes)
Event: 3525.373 Thread 0x00007fc2bd806800 nmethod 16553 0x000000011cea6550 code [0x000000011cea66e0, 0x000000011cea6a28]
Event: 3525.373 Thread 0x00007fc2bd806800 16557       3       java.util.Formatter$FormatSpecifier::print (243 bytes)
Event: 3525.373 Thread 0x00007fc2ce077000 nmethod 16555 0x000000011cea5310 code [0x000000011cea54a0, 0x000000011cea57f8]
Event: 3525.373 Thread 0x00007fc2bd805800 nmethod 16556 0x000000011cec3610 code [0x000000011cec37c0, 0x000000011cec3be8]
Event: 3525.373 Thread 0x00007fc2bd806800 nmethod 16557 0x000000011cec26d0 code [0x000000011cec2920, 0x000000011cec3268]
Event: 3525.373 Thread 0x00007fc2cd846800 nmethod 16551 0x000000011cec0750 code [0x000000011cec0a80, 0x000000011cec1e38]
Event: 3525.702 Thread 0x00007fc2ce077000 16558       3       sun.util.locale.LocaleUtils::isAlpha (30 bytes)
Event: 3525.702 Thread 0x00007fc2ce077000 nmethod 16558 0x000000011cec0350 code [0x000000011cec04c0, 0x000000011cec06f0]

GC Heap History (10 events):
Event: 1037.675 GC heap before
{Heap before GC invocations=5 (full 2):
 PSYoungGen      total 611840K, used 524800K [0x0000000628700000, 0x000000065f400000, 0x00000008a8600000)
  eden space 524800K, 100% used [0x0000000628700000,0x0000000648780000,0x0000000648780000)
  from space 87040K, 0% used [0x000000064dc80000,0x000000064dc80000,0x0000000653180000)
  to   space 87040K, 0% used [0x0000000648780000,0x0000000648780000,0x000000064dc80000)
 ParOldGen       total 1580544K, used 46153K [0x0000000128800000, 0x0000000188f80000, 0x0000000628700000)
  object space 1580544K, 2% used [0x0000000128800000,0x000000012b512468,0x0000000188f80000)
 Metaspace       used 54647K, capacity 55656K, committed 55808K, reserved 1097728K
  class space    used 6557K, capacity 6803K, committed 6912K, reserved 1048576K
Event: 1037.699 GC heap after
Heap after GC invocations=5 (full 2):
 PSYoungGen      total 611840K, used 51955K [0x0000000628700000, 0x0000000653180000, 0x00000008a8600000)
  eden space 524800K, 0% used [0x0000000628700000,0x0000000628700000,0x0000000648780000)
  from space 87040K, 59% used [0x0000000648780000,0x000000064ba3cc20,0x000000064dc80000)
  to   space 87040K, 0% used [0x000000064dc80000,0x000000064dc80000,0x0000000653180000)
 ParOldGen       total 1580544K, used 46169K [0x0000000128800000, 0x0000000188f80000, 0x0000000628700000)
  object space 1580544K, 2% used [0x0000000128800000,0x000000012b516468,0x0000000188f80000)
 Metaspace       used 54647K, capacity 55656K, committed 55808K, reserved 1097728K
  class space    used 6557K, capacity 6803K, committed 6912K, reserved 1048576K
}
Event: 1045.638 GC heap before
{Heap before GC invocations=6 (full 2):
 PSYoungGen      total 611840K, used 208838K [0x0000000628700000, 0x0000000653180000, 0x00000008a8600000)
  eden space 524800K, 29% used [0x0000000628700000,0x0000000632034fc8,0x0000000648780000)
  from space 87040K, 59% used [0x0000000648780000,0x000000064ba3cc20,0x000000064dc80000)
  to   space 87040K, 0% used [0x000000064dc80000,0x000000064dc80000,0x0000000653180000)
 ParOldGen       total 1580544K, used 46169K [0x0000000128800000, 0x0000000188f80000, 0x0000000628700000)
  object space 1580544K, 2% used [0x0000000128800000,0x000000012b516468,0x0000000188f80000)
 Metaspace       used 57382K, capacity 58896K, committed 59008K, reserved 1101824K
  class space    used 6879K, capacity 7267K, committed 7296K, reserved 1048576K
Event: 1045.656 GC heap after
Heap after GC invocations=6 (full 2):
 PSYoungGen      total 611840K, used 47433K [0x0000000628700000, 0x0000000653180000, 0x00000008a8600000)
  eden space 524800K, 0% used [0x0000000628700000,0x0000000628700000,0x0000000648780000)
  from space 87040K, 54% used [0x000000064dc80000,0x0000000650ad2758,0x0000000653180000)
  to   space 87040K, 0% used [0x0000000648780000,0x0000000648780000,0x000000064dc80000)
 ParOldGen       total 1580544K, used 46193K [0x0000000128800000, 0x0000000188f80000, 0x0000000628700000)
  object space 1580544K, 2% used [0x0000000128800000,0x000000012b51c468,0x0000000188f80000)
 Metaspace       used 57382K, capacity 58896K, committed 59008K, reserved 1101824K
  class space    used 6879K, capacity 7267K, committed 7296K, reserved 1048576K
}
Event: 1045.656 GC heap before
{Heap before GC invocations=7 (full 3):
 PSYoungGen      total 611840K, used 47433K [0x0000000628700000, 0x0000000653180000, 0x00000008a8600000)
  eden space 524800K, 0% used [0x0000000628700000,0x0000000628700000,0x0000000648780000)
  from space 87040K, 54% used [0x000000064dc80000,0x0000000650ad2758,0x0000000653180000)
  to   space 87040K, 0% used [0x0000000648780000,0x0000000648780000,0x000000064dc80000)
 ParOldGen       total 1580544K, used 46193K [0x0000000128800000, 0x0000000188f80000, 0x0000000628700000)
  object space 1580544K, 2% used [0x0000000128800000,0x000000012b51c468,0x0000000188f80000)
 Metaspace       used 57382K, capacity 58896K, committed 59008K, reserved 1101824K
  class space    used 6879K, capacity 7267K, committed 7296K, reserved 1048576K
Event: 1045.906 GC heap after
Heap after GC invocations=7 (full 3):
 PSYoungGen      total 611840K, used 0K [0x0000000628700000, 0x0000000653180000, 0x00000008a8600000)
  eden space 524800K, 0% used [0x0000000628700000,0x0000000628700000,0x0000000648780000)
  from space 87040K, 0% used [0x000000064dc80000,0x000000064dc80000,0x0000000653180000)
  to   space 87040K, 0% used [0x0000000648780000,0x0000000648780000,0x000000064dc80000)
 ParOldGen       total 2311168K, used 73989K [0x0000000128800000, 0x00000001b5900000, 0x0000000628700000)
  object space 2311168K, 3% used [0x0000000128800000,0x000000012d041738,0x00000001b5900000)
 Metaspace       used 57382K, capacity 58896K, committed 59008K, reserved 1101824K
  class space    used 6879K, capacity 7267K, committed 7296K, reserved 1048576K
}
Event: 2070.186 GC heap before
{Heap before GC invocations=8 (full 3):
 PSYoungGen      total 611840K, used 524800K [0x0000000628700000, 0x0000000653180000, 0x00000008a8600000)
  eden space 524800K, 100% used [0x0000000628700000,0x0000000648780000,0x0000000648780000)
  from space 87040K, 0% used [0x000000064dc80000,0x000000064dc80000,0x0000000653180000)
  to   space 87040K, 0% used [0x0000000648780000,0x0000000648780000,0x000000064dc80000)
 ParOldGen       total 2311168K, used 73989K [0x0000000128800000, 0x00000001b5900000, 0x0000000628700000)
  object space 2311168K, 3% used [0x0000000128800000,0x000000012d041738,0x00000001b5900000)
 Metaspace       used 59055K, capacity 60714K, committed 60928K, reserved 1103872K
  class space    used 6931K, capacity 7302K, committed 7424K, reserved 1048576K
Event: 2070.194 GC heap after
Heap after GC invocations=8 (full 3):
 PSYoungGen      total 611840K, used 32630K [0x0000000628700000, 0x0000000655a80000, 0x00000008a8600000)
  eden space 524800K, 0% used [0x0000000628700000,0x0000000628700000,0x0000000648780000)
  from space 87040K, 37% used [0x0000000648780000,0x000000064a75da08,0x000000064dc80000)
  to   space 58368K, 0% used [0x0000000652180000,0x0000000652180000,0x0000000655a80000)
 ParOldGen       total 2311168K, used 73997K [0x0000000128800000, 0x00000001b5900000, 0x0000000628700000)
  object space 2311168K, 3% used [0x0000000128800000,0x000000012d043738,0x00000001b5900000)
 Metaspace       used 59055K, capacity 60714K, committed 60928K, reserved 1103872K
  class space    used 6931K, capacity 7302K, committed 7424K, reserved 1048576K
}
Event: 3002.051 GC heap before
{Heap before GC invocations=9 (full 3):
 PSYoungGen      total 611840K, used 557430K [0x0000000628700000, 0x0000000655a80000, 0x00000008a8600000)
  eden space 524800K, 100% used [0x0000000628700000,0x0000000648780000,0x0000000648780000)
  from space 87040K, 37% used [0x0000000648780000,0x000000064a75da08,0x000000064dc80000)
  to   space 58368K, 0% used [0x0000000652180000,0x0000000652180000,0x0000000655a80000)
 ParOldGen       total 2311168K, used 73997K [0x0000000128800000, 0x00000001b5900000, 0x0000000628700000)
  object space 2311168K, 3% used [0x0000000128800000,0x000000012d043738,0x00000001b5900000)
 Metaspace       used 59449K, capacity 61072K, committed 61440K, reserved 1103872K
  class space    used 6935K, capacity 7307K, committed 7424K, reserved 1048576K
Event: 3002.068 GC heap after
Heap after GC invocations=9 (full 3):
 PSYoungGen      total 638464K, used 35213K [0x0000000628700000, 0x0000000654400000, 0x00000008a8600000)
  eden space 603136K, 0% used [0x0000000628700000,0x0000000628700000,0x000000064d400000)
  from space 35328K, 99% used [0x0000000652180000,0x00000006543e37e0,0x0000000654400000)
  to   space 56320K, 0% used [0x000000064d600000,0x000000064d600000,0x0000000650d00000)
 ParOldGen       total 2311168K, used 74005K [0x0000000128800000, 0x00000001b5900000, 0x0000000628700000)
  object space 2311168K, 3% used [0x0000000128800000,0x000000012d045738,0x00000001b5900000)
 Metaspace       used 59449K, capacity 61072K, committed 61440K, reserved 1103872K
  class space    used 6935K, capacity 7307K, committed 7424K, reserved 1048576K
}

Deoptimization events (10 events):
Event: 3468.009 Thread 0x00007fc2bdb2c800 Uncommon trap: reason=class_check action=maybe_recompile pc=0x000000011b49216c method=org.jetbrains.kotlin.resolve.scopes.LexicalWritableScope.<init>(Lorg/jetbrains/kotlin/resolve/scopes/LexicalScope;Lorg/jetbrains/kotlin/descriptors/DeclarationDescriptor
Event: 3468.010 Thread 0x00007fc2bdb2c800 Uncommon trap: reason=class_check action=maybe_recompile pc=0x000000011b49216c method=org.jetbrains.kotlin.resolve.scopes.LexicalWritableScope.<init>(Lorg/jetbrains/kotlin/resolve/scopes/LexicalScope;Lorg/jetbrains/kotlin/descriptors/DeclarationDescriptor
Event: 3468.010 Thread 0x00007fc2bdb2c800 Uncommon trap: reason=class_check action=maybe_recompile pc=0x000000011b49216c method=org.jetbrains.kotlin.resolve.scopes.LexicalWritableScope.<init>(Lorg/jetbrains/kotlin/resolve/scopes/LexicalScope;Lorg/jetbrains/kotlin/descriptors/DeclarationDescriptor
Event: 3489.448 Thread 0x00007fc2bdb2c800 Uncommon trap: reason=class_check action=maybe_recompile pc=0x000000011b49216c method=org.jetbrains.kotlin.resolve.scopes.LexicalWritableScope.<init>(Lorg/jetbrains/kotlin/resolve/scopes/LexicalScope;Lorg/jetbrains/kotlin/descriptors/DeclarationDescriptor
Event: 3524.053 Thread 0x00007fc29f0e0000 Uncommon trap: reason=unstable_if action=reinterpret pc=0x000000011c24d3c8 method=java.io.BufferedReader.readLine(Z)Ljava/lang/String; @ 192
Event: 3524.345 Thread 0x00007fc2bdb2c800 Uncommon trap: reason=class_check action=maybe_recompile pc=0x000000011c456484 method=org.jetbrains.kotlin.resolve.OverridingUtil.computeVisibilityToInherit(Lorg/jetbrains/kotlin/descriptors/CallableMemberDescriptor;)Lorg/jetbrains/kotlin/descriptors/Visi
Event: 3524.345 Thread 0x00007fc2bdb2c800 Uncommon trap: reason=class_check action=maybe_recompile pc=0x000000011c456484 method=org.jetbrains.kotlin.resolve.OverridingUtil.computeVisibilityToInherit(Lorg/jetbrains/kotlin/descriptors/CallableMemberDescriptor;)Lorg/jetbrains/kotlin/descriptors/Visi
Event: 3524.419 Thread 0x00007fc2bdb2c800 Uncommon trap: reason=class_check action=maybe_recompile pc=0x000000011c444b0c method=org.jetbrains.kotlin.resolve.SinceKotlinUtilKt.getOwnSinceKotlinVersion(Lorg/jetbrains/kotlin/descriptors/DeclarationDescriptor;)Lorg/jetbrains/kotlin/resolve/SinceKotli
Event: 3524.422 Thread 0x00007fc2bdb2c800 Uncommon trap: reason=null_check action=make_not_entrant pc=0x000000011ae437b0 method=org.jetbrains.kotlin.resolve.jvm.checkers.InlinePlatformCompatibilityChecker.check(Lorg/jetbrains/kotlin/resolve/calls/model/ResolvedCall;Lorg/jetbrains/kotlin/com/intel
Event: 3524.448 Thread 0x00007fc2bdb2c800 Uncommon trap: reason=class_check action=maybe_recompile pc=0x000000011cc120f4 method=org.jetbrains.kotlin.resolve.calls.checkers.UnderscoreUsageChecker.check(Lorg/jetbrains/kotlin/resolve/calls/model/ResolvedCall;Lorg/jetbrains/kotlin/com/intellij/psi/Ps

Internal exceptions (10 events):
Event: 3099.961 Thread 0x00007fc29f0e0000 Exception <a 'java/lang/reflect/InvocationTargetException'> (0x000000062b5f5738) thrown at [/Users/java_re/workspace/8-2-build-macosx-x86_64/jdk8u111/7883/hotspot/src/share/vm/runtime/reflection.cpp, line 1092]
Event: 3524.422 Thread 0x00007fc2bdb2c800 Implicit null exception at 0x000000011ae431a7 to 0x000000011ae43795
Event: 3524.766 Thread 0x00007fc29f0e0000 Exception <a 'java/lang/NoClassDefFoundError': org/javacs/kt/KotlinTextDocumentService$hover$1> (0x0000000641738c70) thrown at [/Users/java_re/workspace/8-2-build-macosx-x86_64/jdk8u111/7883/hotspot/src/share/vm/oops/constantPool.cpp, line 235]
Event: 3524.766 Thread 0x00007fc29f0e0000 Exception <a 'java/lang/reflect/InvocationTargetException'> (0x0000000641738e78) thrown at [/Users/java_re/workspace/8-2-build-macosx-x86_64/jdk8u111/7883/hotspot/src/share/vm/runtime/reflection.cpp, line 1092]
Event: 3524.966 Thread 0x00007fc29f0e0000 Exception <a 'java/lang/NoClassDefFoundError': org/javacs/kt/KotlinTextDocumentService$hover$1> (0x0000000641780e70) thrown at [/Users/java_re/workspace/8-2-build-macosx-x86_64/jdk8u111/7883/hotspot/src/share/vm/oops/constantPool.cpp, line 235]
Event: 3524.966 Thread 0x00007fc29f0e0000 Exception <a 'java/lang/reflect/InvocationTargetException'> (0x0000000641781078) thrown at [/Users/java_re/workspace/8-2-build-macosx-x86_64/jdk8u111/7883/hotspot/src/share/vm/runtime/reflection.cpp, line 1092]
Event: 3525.372 Thread 0x00007fc29f0e0000 Exception <a 'java/lang/NoClassDefFoundError': org/javacs/kt/KotlinTextDocumentService$hover$1> (0x00000006417c9a08) thrown at [/Users/java_re/workspace/8-2-build-macosx-x86_64/jdk8u111/7883/hotspot/src/share/vm/oops/constantPool.cpp, line 235]
Event: 3525.372 Thread 0x00007fc29f0e0000 Exception <a 'java/lang/reflect/InvocationTargetException'> (0x00000006417c9c10) thrown at [/Users/java_re/workspace/8-2-build-macosx-x86_64/jdk8u111/7883/hotspot/src/share/vm/runtime/reflection.cpp, line 1092]
Event: 3525.701 Thread 0x00007fc29f0e0000 Exception <a 'java/lang/NoClassDefFoundError': org/javacs/kt/KotlinTextDocumentService$hover$1> (0x0000000641814790) thrown at [/Users/java_re/workspace/8-2-build-macosx-x86_64/jdk8u111/7883/hotspot/src/share/vm/oops/constantPool.cpp, line 235]
Event: 3525.701 Thread 0x00007fc29f0e0000 Exception <a 'java/lang/reflect/InvocationTargetException'> (0x0000000641814998) thrown at [/Users/java_re/workspace/8-2-build-macosx-x86_64/jdk8u111/7883/hotspot/src/share/vm/runtime/reflection.cpp, line 1092]

Events (10 events):
Event: 3524.422 Thread 0x00007fc2bdb2c800 Uncommon trap: trap_request=0xfffffff4 fr.pc=0x000000011ae437b0
Event: 3524.422 Thread 0x00007fc2bdb2c800 DEOPT PACKING pc=0x000000011ae437b0 sp=0x0000700007be40d0
Event: 3524.422 Thread 0x00007fc2bdb2c800 DEOPT UNPACKING pc=0x0000000119548229 sp=0x0000700007be4088 mode 2
Event: 3524.448 Thread 0x00007fc2bdb2c800 Uncommon trap: trap_request=0xffffffde fr.pc=0x000000011cc120f4
Event: 3524.448 Thread 0x00007fc2bdb2c800 DEOPT PACKING pc=0x000000011cc120f4 sp=0x0000700007be51f0
Event: 3524.448 Thread 0x00007fc2bdb2c800 DEOPT UNPACKING pc=0x0000000119548229 sp=0x0000700007be51a8 mode 2
Event: 3524.538 Executing VM operation: ForceSafepoint
Event: 3524.538 Executing VM operation: ForceSafepoint done
Event: 3530.358 loading class org/javacs/kt/KotlinTextDocumentService$definition$1
Event: 3530.358 loading class org/javacs/kt/KotlinTextDocumentService$definition$1 done


Dynamic libraries:
0x00000000050c8000 	/System/Library/Frameworks/Cocoa.framework/Versions/A/Cocoa
0x00000000050c8000 	/System/Library/Frameworks/Security.framework/Versions/A/Security
0x00000000050c8000 	/System/Library/Frameworks/ApplicationServices.framework/Versions/A/ApplicationServices
0x00000000050c8000 	/usr/lib/libz.1.dylib
0x00000000050c8000 	/usr/lib/libSystem.B.dylib
0x00000000050c8000 	/usr/lib/libobjc.A.dylib
0x00000000050c8000 	/System/Library/Frameworks/CoreFoundation.framework/Versions/A/CoreFoundation
0x00000000050c8000 	/System/Library/Frameworks/Foundation.framework/Versions/C/Foundation
0x00000000050c8000 	/System/Library/Frameworks/AppKit.framework/Versions/C/AppKit
0x00000000050c8000 	/System/Library/Frameworks/CoreData.framework/Versions/A/CoreData
0x00000000050c8000 	/System/Library/PrivateFrameworks/RemoteViewServices.framework/Versions/A/RemoteViewServices
0x00000000050c8000 	/System/Library/PrivateFrameworks/UIFoundation.framework/Versions/A/UIFoundation
0x00000000050c8000 	/System/Library/PrivateFrameworks/XCTTargetBootstrap.framework/Versions/A/XCTTargetBootstrap
0x00000000050c8000 	/System/Library/Frameworks/CoreDisplay.framework/Versions/A/CoreDisplay
0x00000000050c8000 	/System/Library/PrivateFrameworks/IconServices.framework/Versions/A/IconServices
0x00000000050c8000 	/System/Library/Frameworks/Metal.framework/Versions/A/Metal
0x00000000050c8000 	/System/Library/PrivateFrameworks/DesktopServicesPriv.framework/Versions/A/DesktopServicesPriv
0x00000000050c8000 	/usr/lib/libenergytrace.dylib
0x00000000050c8000 	/System/Library/PrivateFrameworks/SkyLight.framework/Versions/A/SkyLight
0x00000000050c8000 	/System/Library/Frameworks/CoreGraphics.framework/Versions/A/CoreGraphics
0x00000000050c8000 	/System/Library/Frameworks/Accelerate.framework/Versions/A/Accelerate
0x00000000050c8000 	/System/Library/Frameworks/IOSurface.framework/Versions/A/IOSurface
0x00000000050c8000 	/System/Library/PrivateFrameworks/DFRFoundation.framework/Versions/A/DFRFoundation
0x00000000050c8000 	/System/Library/Frameworks/AudioToolbox.framework/Versions/A/AudioToolbox
0x00000000050c8000 	/System/Library/Frameworks/AudioUnit.framework/Versions/A/AudioUnit
0x00000000050c8000 	/System/Library/PrivateFrameworks/DataDetectorsCore.framework/Versions/A/DataDetectorsCore
0x00000000050c8000 	/System/Library/Frameworks/Carbon.framework/Versions/A/Frameworks/HIToolbox.framework/Versions/A/HIToolbox
0x00000000050c8000 	/usr/lib/libicucore.A.dylib
0x00000000050c8000 	/System/Library/Frameworks/QuartzCore.framework/Versions/A/QuartzCore
0x00000000050c8000 	/System/Library/Frameworks/Carbon.framework/Versions/A/Frameworks/SpeechRecognition.framework/Versions/A/SpeechRecognition
0x00000000050c8000 	/usr/lib/libauto.dylib
0x00000000050c8000 	/usr/lib/libxml2.2.dylib
0x00000000050c8000 	/System/Library/PrivateFrameworks/CoreUI.framework/Versions/A/CoreUI
0x00000000050c8000 	/System/Library/Frameworks/CoreAudio.framework/Versions/A/CoreAudio
0x00000000050c8000 	/System/Library/Frameworks/DiskArbitration.framework/Versions/A/DiskArbitration
0x00000000050c8000 	/usr/lib/liblangid.dylib
0x00000000050c8000 	/System/Library/PrivateFrameworks/MultitouchSupport.framework/Versions/A/MultitouchSupport
0x00000000050c8000 	/System/Library/Frameworks/IOKit.framework/Versions/A/IOKit
0x00000000050c8000 	/usr/lib/libDiagnosticMessagesClient.dylib
0x00000000050c8000 	/System/Library/Frameworks/CoreServices.framework/Versions/A/CoreServices
0x00000000050c8000 	/System/Library/PrivateFrameworks/PerformanceAnalysis.framework/Versions/A/PerformanceAnalysis
0x00000000050c8000 	/System/Library/Frameworks/OpenGL.framework/Versions/A/OpenGL
0x00000000050c8000 	/System/Library/Frameworks/ColorSync.framework/Versions/A/ColorSync
0x00000000050c8000 	/System/Library/Frameworks/CoreImage.framework/Versions/A/CoreImage
0x00000000050c8000 	/System/Library/Frameworks/CoreText.framework/Versions/A/CoreText
0x00000000050c8000 	/System/Library/Frameworks/ImageIO.framework/Versions/A/ImageIO
0x00000000050c8000 	/System/Library/PrivateFrameworks/Backup.framework/Versions/A/Backup
0x00000000050c8000 	/usr/lib/libarchive.2.dylib
0x00000000050c8000 	/System/Library/Frameworks/CFNetwork.framework/Versions/A/CFNetwork
0x00000000050c8000 	/System/Library/Frameworks/SystemConfiguration.framework/Versions/A/SystemConfiguration
0x00000000050c8000 	/usr/lib/libCRFSuite.dylib
0x00000000050c8000 	/usr/lib/libc++.1.dylib
0x00000000050c8000 	/usr/lib/libc++abi.dylib
0x00000000050c8000 	/usr/lib/system/libcache.dylib
0x00000000050c8000 	/usr/lib/system/libcommonCrypto.dylib
0x00000000050c8000 	/usr/lib/system/libcompiler_rt.dylib
0x00000000050c8000 	/usr/lib/system/libcopyfile.dylib
0x00000000050c8000 	/usr/lib/system/libcorecrypto.dylib
0x00000000050c8000 	/usr/lib/system/libdispatch.dylib
0x00000000050c8000 	/usr/lib/system/libdyld.dylib
0x00000000050c8000 	/usr/lib/system/libkeymgr.dylib
0x00000000050c8000 	/usr/lib/system/liblaunch.dylib
0x00000000050c8000 	/usr/lib/system/libmacho.dylib
0x00000000050c8000 	/usr/lib/system/libquarantine.dylib
0x00000000050c8000 	/usr/lib/system/libremovefile.dylib
0x00000000050c8000 	/usr/lib/system/libsystem_asl.dylib
0x00000000050c8000 	/usr/lib/system/libsystem_blocks.dylib
0x00000000050c8000 	/usr/lib/system/libsystem_c.dylib
0x00000000050c8000 	/usr/lib/system/libsystem_configuration.dylib
0x00000000050c8000 	/usr/lib/system/libsystem_coreservices.dylib
0x00000000050c8000 	/usr/lib/system/libsystem_darwin.dylib
0x00000000050c8000 	/usr/lib/system/libsystem_dnssd.dylib
0x00000000050c8000 	/usr/lib/system/libsystem_info.dylib
0x00000000050c8000 	/usr/lib/system/libsystem_m.dylib
0x00000000050c8000 	/usr/lib/system/libsystem_malloc.dylib
0x00000000050c8000 	/usr/lib/system/libsystem_networkextension.dylib
0x00000000050c8000 	/usr/lib/system/libsystem_notify.dylib
0x00000000050c8000 	/usr/lib/system/libsystem_sandbox.dylib
0x00000000050c8000 	/usr/lib/system/libsystem_secinit.dylib
0x00000000050c8000 	/usr/lib/system/libsystem_kernel.dylib
0x00000000050c8000 	/usr/lib/system/libsystem_platform.dylib
0x00000000050c8000 	/usr/lib/system/libsystem_pthread.dylib
0x00000000050c8000 	/usr/lib/system/libsystem_symptoms.dylib
0x00000000050c8000 	/usr/lib/system/libsystem_trace.dylib
0x00000000050c8000 	/usr/lib/system/libunwind.dylib
0x00000000050c8000 	/usr/lib/system/libxpc.dylib
0x00000000050c8000 	/usr/lib/libbsm.0.dylib
0x00000000050c8000 	/usr/lib/system/libkxld.dylib
0x00000000050c8000 	/System/Library/PrivateFrameworks/AppleFSCompression.framework/Versions/A/AppleFSCompression
0x00000000050c8000 	/usr/lib/libOpenScriptingUtil.dylib
0x00000000050c8000 	/usr/lib/libcoretls.dylib
0x00000000050c8000 	/usr/lib/libcoretls_cfhelpers.dylib
0x00000000050c8000 	/usr/lib/libpam.2.dylib
0x00000000050c8000 	/usr/lib/libsqlite3.dylib
0x00000000050c8000 	/usr/lib/libxar.1.dylib
0x00000000050c8000 	/usr/lib/libbz2.1.0.dylib
0x00000000050c8000 	/usr/lib/liblzma.5.dylib
0x00000000050c8000 	/usr/lib/libnetwork.dylib
0x00000000050c8000 	/usr/lib/libapple_nghttp2.dylib
0x00000000050c8000 	/usr/lib/libpcap.A.dylib
0x00000000050c8000 	/System/Library/Frameworks/CoreServices.framework/Versions/A/Frameworks/FSEvents.framework/Versions/A/FSEvents
0x00000000050c8000 	/System/Library/Frameworks/CoreServices.framework/Versions/A/Frameworks/CarbonCore.framework/Versions/A/CarbonCore
0x00000000050c8000 	/System/Library/Frameworks/CoreServices.framework/Versions/A/Frameworks/Metadata.framework/Versions/A/Metadata
0x00000000050c8000 	/System/Library/Frameworks/CoreServices.framework/Versions/A/Frameworks/OSServices.framework/Versions/A/OSServices
0x00000000050c8000 	/System/Library/Frameworks/CoreServices.framework/Versions/A/Frameworks/SearchKit.framework/Versions/A/SearchKit
0x00000000050c8000 	/System/Library/Frameworks/CoreServices.framework/Versions/A/Frameworks/AE.framework/Versions/A/AE
0x00000000050c8000 	/System/Library/Frameworks/CoreServices.framework/Versions/A/Frameworks/LaunchServices.framework/Versions/A/LaunchServices
0x00000000050c8000 	/System/Library/Frameworks/CoreServices.framework/Versions/A/Frameworks/DictionaryServices.framework/Versions/A/DictionaryServices
0x00000000050c8000 	/System/Library/Frameworks/CoreServices.framework/Versions/A/Frameworks/SharedFileList.framework/Versions/A/SharedFileList
0x00000000050c8000 	/System/Library/Frameworks/NetFS.framework/Versions/A/NetFS
0x00000000050c8000 	/System/Library/PrivateFrameworks/NetAuth.framework/Versions/A/NetAuth
0x00000000050c8000 	/System/Library/PrivateFrameworks/login.framework/Versions/A/Frameworks/loginsupport.framework/Versions/A/loginsupport
0x00000000050c8000 	/System/Library/PrivateFrameworks/TCC.framework/Versions/A/TCC
0x00000000050c8000 	/System/Library/PrivateFrameworks/CoreNLP.framework/Versions/A/CoreNLP
0x00000000050c8000 	/System/Library/PrivateFrameworks/MetadataUtilities.framework/Versions/A/MetadataUtilities
0x00000000050c8000 	/usr/lib/libmecabra.dylib
0x00000000050c8000 	/System/Library/Frameworks/ApplicationServices.framework/Versions/A/Frameworks/ATS.framework/Versions/A/ATS
0x00000000050c8000 	/System/Library/Frameworks/ApplicationServices.framework/Versions/A/Frameworks/ColorSyncLegacy.framework/Versions/A/ColorSyncLegacy
0x00000000050c8000 	/System/Library/Frameworks/ApplicationServices.framework/Versions/A/Frameworks/HIServices.framework/Versions/A/HIServices
0x00000000050c8000 	/System/Library/Frameworks/ApplicationServices.framework/Versions/A/Frameworks/LangAnalysis.framework/Versions/A/LangAnalysis
0x00000000050c8000 	/System/Library/Frameworks/ApplicationServices.framework/Versions/A/Frameworks/PrintCore.framework/Versions/A/PrintCore
0x00000000050c8000 	/System/Library/Frameworks/ApplicationServices.framework/Versions/A/Frameworks/QD.framework/Versions/A/QD
0x00000000050c8000 	/System/Library/Frameworks/ApplicationServices.framework/Versions/A/Frameworks/SpeechSynthesis.framework/Versions/A/SpeechSynthesis
0x00000000050c8000 	/usr/lib/libcompression.dylib
0x00000000050c8000 	/System/Library/Frameworks/MetalPerformanceShaders.framework/Versions/A/MetalPerformanceShaders
0x00000000050c8000 	/System/Library/Frameworks/Accelerate.framework/Versions/A/Frameworks/vImage.framework/Versions/A/vImage
0x00000000050c8000 	/System/Library/Frameworks/Accelerate.framework/Versions/A/Frameworks/vecLib.framework/Versions/A/vecLib
0x00000000050c8000 	/System/Library/Frameworks/Accelerate.framework/Versions/A/Frameworks/vecLib.framework/Versions/A/libvMisc.dylib
0x00000000050c8000 	/System/Library/Frameworks/Accelerate.framework/Versions/A/Frameworks/vecLib.framework/Versions/A/libvDSP.dylib
0x00000000050c8000 	/System/Library/Frameworks/Accelerate.framework/Versions/A/Frameworks/vecLib.framework/Versions/A/libBLAS.dylib
0x00000000050c8000 	/System/Library/Frameworks/Accelerate.framework/Versions/A/Frameworks/vecLib.framework/Versions/A/libLAPACK.dylib
0x00000000050c8000 	/System/Library/Frameworks/Accelerate.framework/Versions/A/Frameworks/vecLib.framework/Versions/A/libLinearAlgebra.dylib
0x00000000050c8000 	/System/Library/Frameworks/Accelerate.framework/Versions/A/Frameworks/vecLib.framework/Versions/A/libSparseBLAS.dylib
0x00000000050c8000 	/System/Library/Frameworks/Accelerate.framework/Versions/A/Frameworks/vecLib.framework/Versions/A/libQuadrature.dylib
0x00000000050c8000 	/System/Library/Frameworks/Accelerate.framework/Versions/A/Frameworks/vecLib.framework/Versions/A/libBNNS.dylib
0x00000000050c8000 	/System/Library/Frameworks/Accelerate.framework/Versions/A/Frameworks/vecLib.framework/Versions/A/libSparse.dylib
0x00000000050c8000 	/System/Library/PrivateFrameworks/GPUWrangler.framework/Versions/A/GPUWrangler
0x00000000050c8000 	/System/Library/PrivateFrameworks/IOAccelerator.framework/Versions/A/IOAccelerator
0x00000000050c8000 	/System/Library/PrivateFrameworks/IOPresentment.framework/Versions/A/IOPresentment
0x00000000050c8000 	/System/Library/PrivateFrameworks/DSExternalDisplay.framework/Versions/A/DSExternalDisplay
0x00000000050c8000 	/System/Library/Frameworks/OpenGL.framework/Versions/A/Libraries/libCoreFSCache.dylib
0x00000000050c8000 	/System/Library/Frameworks/MetalPerformanceShaders.framework/Frameworks/MPSCore.framework/Versions/A/MPSCore
0x00000000050c8000 	/System/Library/Frameworks/MetalPerformanceShaders.framework/Frameworks/MPSImage.framework/Versions/A/MPSImage
0x00000000050c8000 	/System/Library/Frameworks/MetalPerformanceShaders.framework/Frameworks/MPSNeuralNetwork.framework/Versions/A/MPSNeuralNetwork
0x00000000050c8000 	/System/Library/Frameworks/MetalPerformanceShaders.framework/Frameworks/MPSMatrix.framework/Versions/A/MPSMatrix
0x00000000050c8000 	/System/Library/Frameworks/MetalPerformanceShaders.framework/Frameworks/MPSRayIntersector.framework/Versions/A/MPSRayIntersector
0x00000000050c8000 	/System/Library/PrivateFrameworks/MetalTools.framework/Versions/A/MetalTools
0x00000000050c8000 	/System/Library/PrivateFrameworks/AggregateDictionary.framework/Versions/A/AggregateDictionary
0x00000000050c8000 	/usr/lib/libMobileGestalt.dylib
0x00000000050c8000 	/System/Library/Frameworks/CoreVideo.framework/Versions/A/CoreVideo
0x00000000050c8000 	/System/Library/PrivateFrameworks/GraphVisualizer.framework/Versions/A/GraphVisualizer
0x00000000050c8000 	/System/Library/PrivateFrameworks/FaceCore.framework/Versions/A/FaceCore
0x00000000050c8000 	/System/Library/Frameworks/OpenCL.framework/Versions/A/OpenCL
0x00000000050c8000 	/usr/lib/libFosl_dynamic.dylib
0x00000000050c8000 	/System/Library/PrivateFrameworks/OTSVG.framework/Versions/A/OTSVG
0x00000000050c8000 	/System/Library/Frameworks/ApplicationServices.framework/Versions/A/Frameworks/ATS.framework/Versions/A/Resources/libFontParser.dylib
0x00000000050c8000 	/System/Library/Frameworks/ApplicationServices.framework/Versions/A/Frameworks/ATS.framework/Versions/A/Resources/libFontRegistry.dylib
0x00000000050c8000 	/System/Library/Frameworks/ImageIO.framework/Versions/A/Resources/libJPEG.dylib
0x00000000050c8000 	/System/Library/Frameworks/ImageIO.framework/Versions/A/Resources/libTIFF.dylib
0x00000000050c8000 	/System/Library/Frameworks/ImageIO.framework/Versions/A/Resources/libPng.dylib
0x00000000050c8000 	/System/Library/Frameworks/ImageIO.framework/Versions/A/Resources/libGIF.dylib
0x00000000050c8000 	/System/Library/Frameworks/ImageIO.framework/Versions/A/Resources/libJP2.dylib
0x00000000050c8000 	/System/Library/Frameworks/ImageIO.framework/Versions/A/Resources/libRadiance.dylib
0x00000000050c8000 	/System/Library/PrivateFrameworks/AppleJPEG.framework/Versions/A/AppleJPEG
0x00000000050c8000 	/System/Library/Frameworks/OpenGL.framework/Versions/A/Libraries/libGFXShared.dylib
0x00000000050c8000 	/System/Library/Frameworks/OpenGL.framework/Versions/A/Libraries/libGLU.dylib
0x00000000050c8000 	/System/Library/Frameworks/OpenGL.framework/Versions/A/Libraries/libGL.dylib
0x00000000050c8000 	/System/Library/Frameworks/OpenGL.framework/Versions/A/Libraries/libGLImage.dylib
0x00000000050c8000 	/System/Library/Frameworks/OpenGL.framework/Versions/A/Libraries/libCVMSPluginSupport.dylib
0x00000000050c8000 	/System/Library/Frameworks/OpenGL.framework/Versions/A/Libraries/libCoreVMClient.dylib
0x00000000050c8000 	/usr/lib/libcups.2.dylib
0x00000000050c8000 	/System/Library/Frameworks/Kerberos.framework/Versions/A/Kerberos
0x00000000050c8000 	/System/Library/Frameworks/GSS.framework/Versions/A/GSS
0x00000000050c8000 	/usr/lib/libresolv.9.dylib
0x00000000050c8000 	/usr/lib/libiconv.2.dylib
0x00000000050c8000 	/System/Library/PrivateFrameworks/Heimdal.framework/Versions/A/Heimdal
0x00000000050c8000 	/usr/lib/libheimdal-asn1.dylib
0x00000000050c8000 	/System/Library/Frameworks/OpenDirectory.framework/Versions/A/OpenDirectory
0x00000000050c8000 	/System/Library/PrivateFrameworks/CommonAuth.framework/Versions/A/CommonAuth
0x00000000050c8000 	/System/Library/Frameworks/OpenDirectory.framework/Versions/A/Frameworks/CFOpenDirectory.framework/Versions/A/CFOpenDirectory
0x00000000050c8000 	/System/Library/Frameworks/SecurityFoundation.framework/Versions/A/SecurityFoundation
0x00000000050c8000 	/System/Library/PrivateFrameworks/APFS.framework/Versions/A/APFS
0x00000000050c8000 	/usr/lib/libutil.dylib
0x00000000050c8000 	/usr/lib/libcharset.1.dylib
0x00000000050c8000 	/System/Library/PrivateFrameworks/AppleSauce.framework/Versions/A/AppleSauce
0x00000000050c8000 	/System/Library/PrivateFrameworks/AssertionServices.framework/Versions/A/AssertionServices
0x00000000050c8000 	/System/Library/PrivateFrameworks/BaseBoard.framework/Versions/A/BaseBoard
0x00000000050c8000 	/usr/lib/libmecab.1.0.0.dylib
0x00000000050c8000 	/usr/lib/libgermantok.dylib
0x00000000050c8000 	/usr/lib/libThaiTokenizer.dylib
0x00000000050c8000 	/usr/lib/libChineseTokenizer.dylib
0x00000000050c8000 	/System/Library/PrivateFrameworks/LanguageModeling.framework/Versions/A/LanguageModeling
0x00000000050c8000 	/System/Library/PrivateFrameworks/CoreEmoji.framework/Versions/A/CoreEmoji
0x00000000050c8000 	/System/Library/PrivateFrameworks/Lexicon.framework/Versions/A/Lexicon
0x00000000050c8000 	/System/Library/PrivateFrameworks/LinguisticData.framework/Versions/A/LinguisticData
0x00000000050c8000 	/usr/lib/libcmph.dylib
0x00000000050c8000 	/System/Library/Frameworks/ServiceManagement.framework/Versions/A/ServiceManagement
0x00000000050c8000 	/System/Library/PrivateFrameworks/BackgroundTaskManagement.framework/Versions/A/BackgroundTaskManagement
0x00000000050c8000 	/usr/lib/libxslt.1.dylib
0x00000000050c8000 	/System/Library/Frameworks/Carbon.framework/Versions/A/Frameworks/Ink.framework/Versions/A/Ink
0x00000000050c8000 	/System/Library/PrivateFrameworks/TextureIO.framework/Versions/A/TextureIO
0x00000000050c8000 	/usr/lib/libate.dylib
0x00000000050c8000 	/System/Library/PrivateFrameworks/CrashReporterSupport.framework/Versions/A/CrashReporterSupport
0x00000000050c8000 	/System/Library/PrivateFrameworks/Sharing.framework/Versions/A/Sharing
0x00000000050c8000 	/System/Library/PrivateFrameworks/AuthKit.framework/Versions/A/AuthKit
0x00000000050c8000 	/System/Library/PrivateFrameworks/Apple80211.framework/Versions/A/Apple80211
0x00000000050c8000 	/System/Library/PrivateFrameworks/CoreUtils.framework/Versions/A/CoreUtils
0x00000000050c8000 	/System/Library/Frameworks/CoreWLAN.framework/Versions/A/CoreWLAN
0x00000000050c8000 	/System/Library/Frameworks/IOBluetooth.framework/Versions/A/IOBluetooth
0x00000000050c8000 	/System/Library/PrivateFrameworks/ProtocolBuffer.framework/Versions/A/ProtocolBuffer
0x00000000050c8000 	/System/Library/PrivateFrameworks/MobileKeyBag.framework/Versions/A/MobileKeyBag
0x00000000050c8000 	/System/Library/PrivateFrameworks/CorePhoneNumbers.framework/Versions/A/CorePhoneNumbers
0x00000000050c8000 	/System/Library/PrivateFrameworks/AppleIDAuthSupport.framework/Versions/A/AppleIDAuthSupport
0x00000000050c8000 	/System/Library/PrivateFrameworks/KeychainCircle.framework/Versions/A/KeychainCircle
0x00000000050c8000 	/System/Library/PrivateFrameworks/ROCKit.framework/Versions/A/ROCKit
0x00000000050c8000 	/System/Library/PrivateFrameworks/CoreWiFi.framework/Versions/A/CoreWiFi
0x00000000050c8000 	/System/Library/Frameworks/CoreBluetooth.framework/Versions/A/CoreBluetooth
0x00000000050c8000 	/System/Library/PrivateFrameworks/DebugSymbols.framework/Versions/A/DebugSymbols
0x00000000050c8000 	/System/Library/PrivateFrameworks/CoreSymbolication.framework/Versions/A/CoreSymbolication
0x00000000050c8000 	/System/Library/PrivateFrameworks/Symbolication.framework/Versions/A/Symbolication
0x00000000050c8000 	/System/Library/PrivateFrameworks/SpeechRecognitionCore.framework/Versions/A/SpeechRecognitionCore
0x0000000112000000 	/Library/Java/JavaVirtualMachines/jdk1.8.0_111.jdk/Contents/Home/jre/lib/server/libjvm.dylib
0x00000000050c8000 	/usr/lib/libstdc++.6.dylib
0x000000010f7a4000 	/Library/Java/JavaVirtualMachines/jdk1.8.0_111.jdk/Contents/Home/jre/lib/libverify.dylib
0x000000010f7b2000 	/Library/Java/JavaVirtualMachines/jdk1.8.0_111.jdk/Contents/Home/jre/lib/libjava.dylib
0x000000010f7f1000 	/Library/Java/JavaVirtualMachines/jdk1.8.0_111.jdk/Contents/Home/jre/lib/libzip.dylib
0x00000000050c8000 	/System/Library/Frameworks/JavaVM.framework/Versions/A/Frameworks/JavaRuntimeSupport.framework/Versions/A/JavaRuntimeSupport
0x00000000050c8000 	/System/Library/Frameworks/JavaVM.framework/Versions/A/Frameworks/JavaNativeFoundation.framework/Versions/A/JavaNativeFoundation
0x00000000050c8000 	/System/Library/Frameworks/JavaVM.framework/Versions/A/JavaVM
0x00000000050c8000 	/System/Library/Frameworks/Carbon.framework/Versions/A/Carbon
0x00000000050c8000 	/System/Library/PrivateFrameworks/JavaLaunching.framework/Versions/A/JavaLaunching
0x00000000050c8000 	/System/Library/Frameworks/Carbon.framework/Versions/A/Frameworks/CommonPanels.framework/Versions/A/CommonPanels
0x00000000050c8000 	/System/Library/Frameworks/Carbon.framework/Versions/A/Frameworks/Help.framework/Versions/A/Help
0x00000000050c8000 	/System/Library/Frameworks/Carbon.framework/Versions/A/Frameworks/ImageCapture.framework/Versions/A/ImageCapture
0x00000000050c8000 	/System/Library/Frameworks/Carbon.framework/Versions/A/Frameworks/OpenScripting.framework/Versions/A/OpenScripting
0x00000000050c8000 	/System/Library/Frameworks/Carbon.framework/Versions/A/Frameworks/Print.framework/Versions/A/Print
0x00000000050c8000 	/System/Library/Frameworks/Carbon.framework/Versions/A/Frameworks/SecurityHI.framework/Versions/A/SecurityHI
0x0000000118720000 	/Library/Java/JavaVirtualMachines/jdk1.8.0_111.jdk/Contents/Home/jre/lib/libnio.dylib
0x0000000118730000 	/Library/Java/JavaVirtualMachines/jdk1.8.0_111.jdk/Contents/Home/jre/lib/./libnet.dylib

VM Arguments:
java_command: org.javacs.kt.MainKt
java_class_path (initial): /private/tmp/kotlin-language-server/server/build/install/server/lib/server-0.3.0.jar:/private/tmp/kotlin-language-server/server/build/install/server/lib/shared.jar:/private/tmp/kotlin-language-server/server/build/install/server/lib/org.eclipse.lsp4j-0.7.0.jar:/private/tmp/kotlin-language-server/server/build/install/server/lib/org.eclipse.lsp4j.generator-0.7.0.jar:/private/tmp/kotlin-language-server/server/build/install/server/lib/org.eclipse.lsp4j.jsonrpc-0.7.0.jar:/private/tmp/kotlin-language-server/server/build/install/server/lib/kotlin-scripting-jvm-host-embeddable-1.3.50.jar:/private/tmp/kotlin-language-server/server/build/install/server/lib/ktlint-core-0.34.2.jar:/private/tmp/kotlin-language-server/server/build/install/server/lib/kotlin-compiler-embeddable-1.3.50.jar:/private/tmp/kotlin-language-server/server/build/install/server/lib/kotlin-scripting-compiler-embeddable-1.3.50.jar:/private/tmp/kotlin-language-server/server/build/install/server/lib/kotlin-scripting-compiler-impl-embeddable-1.3.50.jar:/private/tmp/kotlin-language-server/server/build/install/server/lib/kotlin-scripting-jvm-1.3.50.jar:/private/tmp/kotlin-language-server/server/build/install/server/lib/kotlin-scripting-common-1.3.50.jar:/private/tmp/kotlin-language-server/server/build/install/server/lib/kotlin-reflect-1.3.50.jar:/private/tmp/kotlin-language-server/server/build/install/server/lib/fernflower-1.0.jar:/private/tmp/kotlin-language-server/server/build/install/server/lib/ktlint-ruleset-standard-0.34.2.jar:/private/tmp/kotlin-language-server/server/build/install/server/lib/kotlin-stdlib-1.3.50.jar:/private/tmp/kotlin-language-server/server/build/install/server/lib/gson-2.7.jar:/private/tmp/kotlin-language-server/server/build/install/server/lib/kotlin-script-runtime-1.3.50.jar:/private/tmp/kotlin-language-server/server/build/install/server/lib/kotlin-daemon-embeddable-1.3.50.jar:/private/tmp/kotlin-language-server/server/build/install/server/lib/trove4j-1.0.20181
Launcher Type: SUN_STANDARD

Environment Variables:
JAVA_HOME=/Library/Java/JavaVirtualMachines/jdk1.8.0_111.jdk/Contents/Home/
PATH=/Users/koush/.sdkman/candidates/kotlin/current/bin:/Volumes/Dev/google-cloud-sdk/bin:/Users/koush/local/bin:/Users/koush/bin:/usr/local/bin:/Volumes/Dev/android-sdk/platform-tools:/Volumes/Dev/android-sdk/tools:/usr/local/bin:/usr/bin:/bin:/usr/sbin:/sbin:/Applications/VMware Fusion.app/Contents/Public:/opt/X11/bin:/Applications/Wireshark.app/Contents/MacOS:/Users/koush/.ec2/bin
SHELL=/bin/bash
DISPLAY=/private/tmp/com.apple.launchd.71OvVD0F48/org.macosforge.xquartz:0

Signal Handlers:
SIGSEGV: [libjvm.dylib+0x5b03ed], sa_mask[0]=11111111011111110111111111111111, sa_flags=SA_ONSTACK|SA_RESTART|SA_SIGINFO
SIGBUS: [libjvm.dylib+0x5b03ed], sa_mask[0]=11111111011111110111111111111111, sa_flags=SA_RESTART|SA_SIGINFO
SIGFPE: [libjvm.dylib+0x48711c], sa_mask[0]=11111111011111110111111111111111, sa_flags=SA_RESTART|SA_SIGINFO
SIGPIPE: [libjvm.dylib+0x48711c], sa_mask[0]=11111111011111110111111111111111, sa_flags=SA_RESTART|SA_SIGINFO
SIGXFSZ: [libjvm.dylib+0x48711c], sa_mask[0]=11111111011111110111111111111111, sa_flags=SA_RESTART|SA_SIGINFO
SIGILL: [libjvm.dylib+0x48711c], sa_mask[0]=11111111011111110111111111111111, sa_flags=SA_RESTART|SA_SIGINFO
SIGUSR1: SIG_DFL, sa_mask[0]=00000000000000000000000000000000, sa_flags=SA_RESTART
SIGUSR2: [libjvm.dylib+0x486c3a], sa_mask[0]=00000000000000000000000000000000, sa_flags=SA_RESTART|SA_SIGINFO
SIGHUP: [libjvm.dylib+0x485211], sa_mask[0]=11111111011111110111111111111111, sa_flags=SA_RESTART|SA_SIGINFO
SIGINT: [libjvm.dylib+0x485211], sa_mask[0]=11111111011111110111111111111111, sa_flags=SA_RESTART|SA_SIGINFO
SIGTERM: [libjvm.dylib+0x485211], sa_mask[0]=11111111011111110111111111111111, sa_flags=SA_RESTART|SA_SIGINFO
SIGQUIT: [libjvm.dylib+0x485211], sa_mask[0]=11111111011111110111111111111111, sa_flags=SA_RESTART|SA_SIGINFO


---------------  S Y S T E M  ---------------

OS:Bsduname:Darwin 18.6.0 Darwin Kernel Version 18.6.0: Thu Apr 25 23:16:27 PDT 2019; root:xnu-4903.261.4~2/RELEASE_X86_64 x86_64
rlimit: STACK 8192k, CORE 0k, NPROC 5674, NOFILE 10240, AS infinity
load average:2.51 2.50 2.51

CPU:total 20 (10 cores per cpu, 2 threads per core) family 6 model 79 stepping 1, cmov, cx8, fxsr, mmx, sse, sse2, sse3, ssse3, sse4.1, sse4.2, popcnt, avx, avx2, aes, clmul, erms, rtm, 3dnowpref, lzcnt, ht, tsc, tscinvbit, bmi1, bmi2, adx

Memory: 4k page, physical 134217728k(1930672k free)

/proc/meminfo:


vm_info: Java HotSpot(TM) 64-Bit Server VM (25.111-b14) for bsd-amd64 JRE (1.8.0_111-b14), built on Sep 22 2016 15:31:41 by "java_re" with gcc 4.2.1 (Based on Apple Inc. build 5658) (LLVM build 2336.11.00)

time: Fri Oct 18 16:11:33 2019
elapsed time: 3530 seconds (0d 0h 58m 50s)

